<?xml version="1.0" encoding="UTF-8"?>
<testsuite xmlns:xsi="http://www.w3.org/2001/XMLSchema-instance" xsi:noNamespaceSchemaLocation="https://maven.apache.org/surefire/maven-surefire-plugin/xsd/surefire-test-report.xsd" name="com.epam.TDD_JUNIT.RemoveFirstTwoTest" time="0.122" tests="8" errors="0" skipped="0" failures="0">
  <properties>
[...]
</properties>
  <testcase name="allDifferent" classname="com.epam.TDD_JUNIT.RemoveFirstTwoTest" time="0.116"/>
  <testcase name="noCharacter" classname="com.epam.TDD_JUNIT.RemoveFirstTwoTest" time="0"/>
  <testcase name="firstAndLast" classname="com.epam.TDD_JUNIT.RemoveFirstTwoTest" time="0"/>
  <testcase name="allSame" classname="com.epam.TDD_JUNIT.RemoveFirstTwoTest" time="0"/>
  <testcase name="firstTwo" classname="com.epam.TDD_JUNIT.RemoveFirstTwoTest" time="0"/>
  <testcase name="onlyFirstCharacter" classname="com.epam.TDD_JUNIT.RemoveFirstTwoTest" time="0"/>
  <testcase name="passingEmptyString" classname="com.epam.TDD_JUNIT.RemoveFirstTwoTest" time="0"/>
  <testcase name="onlySecondCharacter" classname="com.epam.TDD_JUNIT.RemoveFirstTwoTest" time="0"/>
</testsuite>